PathParameter	MeanPathLikelihood	MLContribution
0.0000	-3.0192e+06	-720.25
0.00046416	-84282	-246.80
0.0046784	-32844	-389.15
0.018075	-25253	-701.46
0.047156	-22988	-1173.9
0.099213	-22111	-1812.7
0.18218	-21585	-2620.8
0.30455	-21250	-3615.0
0.47530	-21093	-4809.0
0.70384	-20991	-6209.5
1.0000	-20942	

log marginal likelihood (using path sampling) from pathLikelihood.delta = -22298.575272461

Inner area for path parameter in (0.00046416,0.70384) = -21578
PathParameter	MaxPathLikelihood	MLContribution
0.0000	-2.2155e+05	-104.83
0.00046416	-76448	-324.43
0.0046784	-31211	-419.89
0.018075	-24596	-717.57
0.047156	-22661	-1182.0
0.099213	-21826	-1813.2
0.18218	-21485	-2631.2
0.30455	-21194	-3621.1
0.47530	-21066	-4816.6
0.70384	-20956	-6208.4
1.0000	-20919	

log marginal likelihood (using stepping stone sampling) from pathLikelihood.delta = -21839.11455984659
