PathParameter	MeanPathLikelihood	MLContribution
0.0000	-4.2999e+05	-119.05
0.00046416	-82970	-244.09
0.0046784	-32870	-390.49
0.018075	-25428	-702.66
0.047156	-22896	-1167.3
0.099213	-21951	-1802.0
0.18218	-21486	-2603.6
0.30455	-21067	-3583.2
0.47530	-20903	-4759.7
0.70384	-20750	-6135.4
1.0000	-20684	

log marginal likelihood (using path sampling) from pathLikelihood.delta = -21507.508389655668

Inner area for path parameter in (0.00046416,0.70384) = -21388
PathParameter	MaxPathLikelihood	MLContribution
0.0000	-2.4016e+05	-113.78
0.00046416	-70889	-301.05
0.0046784	-30665	-413.10
0.018075	-24953	-727.88
0.047156	-22626	-1180.1
0.099213	-21762	-1807.8
0.18218	-21336	-2613.1
0.30455	-21006	-3588.9
0.47530	-20846	-4766.4
0.70384	-20689	-6129.4
1.0000	-20670	

log marginal likelihood (using stepping stone sampling) from pathLikelihood.delta = -21641.540211694515
