# BEAST v1.10.5 Prerelease #23570d1
# Generated Tue Oct 27 10:36:39 AEST 2020 [seed=1603757075952]
state	pathLikelihood.delta	pathLikelihood.source	pathLikelihood.destination	pathLikelihood.theta	pathLikelihood.pathLikelihood
1000	-20949.60824654914	-21997.93435173054	-1048.3261051813975	1.0	-21997.93435173054
2000	-20937.220022106496	-21981.043739451383	-1043.823717344888	1.0	-21981.043739451383
3000	-20944.335848869374	-21989.039750266893	-1044.7039013975184	1.0	-21989.039750266893
4000	-20922.032967829287	-21971.86050471044	-1049.827536881151	1.0	-21971.86050471044
5000	-20918.833512265668	-21962.191349767814	-1043.3578375021466	1.0	-21962.191349767814
6000	-20965.28818693609	-22011.400908276213	-1046.1127213401217	1.0	-22011.400908276213
7000	-20952.10889121468	-22000.72018655157	-1048.61129533689	1.0	-22000.72018655157
8000	-20940.680286119987	-21987.810376275735	-1047.1300901557493	1.0	-21987.810376275735
9000	-20940.745800075707	-21984.998693092217	-1044.2528930165092	1.0	-21984.998693092217
10000	-20952.51510182807	-22001.28034228725	-1048.7652404591774	1.0	-22001.28034228725
11000	-20955.694139007348	-22004.11979178369	-1048.4256527763414	0.7038417613775041	-15797.918326463512
12000	-20965.685718475816	-22015.354754065465	-1049.669035589649	0.7038417613775041	-15806.194200168851
13000	-20964.192882674757	-22011.073723193073	-1046.8808405183145	0.7038417613775041	-15802.35528491785
14000	-20991.50601867337	-22037.654806371538	-1046.1487876981673	0.7038417613775041	-15820.84735784771
15000	-21000.30435587991	-22046.20049375805	-1045.8961378781391	0.7038417613775041	-15826.787345184326
16000	-20999.842135139006	-22042.658470565802	-1042.816335426798	0.7038417613775041	-15823.382212472561
17000	-21002.02587197898	-22046.268677724787	-1044.242805745807	0.7038417613775041	-15826.345687975405
18000	-21015.415636979797	-22060.660072880542	-1045.2444359007457	0.7038417613775041	-15836.771593912948
19000	-21011.607368503635	-22056.692814210113	-1045.0854457064777	0.7038417613775041	-15833.93218532662
20000	-21008.31430669716	-22052.154646447027	-1043.840339749865	0.7038417613775041	-15830.369284947814
21000	-21065.52529515585	-22108.259916057992	-1042.7346209021418	0.4752986965619486	-11055.151336082476
22000	-21080.03788202605	-22127.367275070963	-1047.3293930449138	0.4752986965619486	-11066.643921848394
23000	-21082.67574706411	-22129.194531165325	-1046.518784101215	0.4752986965619486	-11067.087086718993
24000	-21081.01912568995	-22125.511135585373	-1044.4920098954228	0.4752986965619486	-11064.272922533366
25000	-21087.344388575595	-22129.9910930706	-1042.646704495003	0.4752986965619486	-11065.434006337906
26000	-21154.538470562326	-22202.33988452377	-1047.8014139614454	0.4752986965619486	-11102.525975389317
27000	-21096.085730373004	-22139.6089694948	-1043.5232391217944	0.4752986965619486	-11070.465289327207
28000	-21104.889718326136	-22151.18209258813	-1046.2923742619942	0.4752986965619486	-11077.418948466076
29000	-21085.79526122848	-22127.936153747367	-1042.140892518889	0.4752986965619486	-11064.191896152897
30000	-21090.76152774195	-22134.979492604398	-1044.2179648624463	0.4752986965619486	-11068.629428497088
31000	-21211.346320039913	-22261.29064614067	-1049.9443261007596	0.30455107259771197	-7509.882599110445
32000	-21194.112412405386	-22240.34245413345	-1046.2300417280644	0.30455107259771197	-7500.919709682606
33000	-21233.527722483435	-22278.51590208874	-1044.9881796053057	0.30455107259771197	-7511.681822520888
34000	-21267.21738849025	-22310.851753859068	-1043.6343653688173	0.30455107259771197	-7520.5882322022335
35000	-21288.909042167066	-22331.89455635287	-1042.9855141858009	0.30455107259771197	-7526.54559741291
36000	-21254.613581786725	-22300.04051300107	-1045.426931214346	0.30455107259771197	-7518.54229519739
37000	-21226.29670943857	-22268.501572575024	-1042.2048631364523	0.30455107259771197	-7506.696293273253
38000	-21309.953203037665	-22357.46811845757	-1047.5149154199069	0.30455107259771197	-7537.484020412075
39000	-21276.863238564667	-22315.743362820736	-1038.8801242560708	0.30455107259771197	-7518.771645075767
40000	-21240.11020279284	-22279.25480743018	-1039.1446046373437	0.30455107259771197	-7507.842948991508
41000	-21533.103009296232	-22574.147418167213	-1041.0444088709812	0.1821814557051778	-4963.9764609541135
42000	-21497.227689997853	-22541.19079033601	-1043.9631003381587	0.1821814557051778	-4960.359334527624
43000	-21485.00959681964	-22524.140191661812	-1039.1305948421734	0.1821814557051778	-4953.30091903049
44000	-21588.870880266397	-22614.946540556575	-1026.0756602901788	0.1821814557051778	-4959.167584288234
45000	-21616.138621757185	-22645.296993294964	-1029.1583715377776	0.1821814557051778	-4967.2179723744175
46000	-21568.445925960692	-22598.232730600517	-1029.786804639824	0.1821814557051778	-4959.157680729755
47000	-21629.21755741496	-22665.95213794874	-1036.7345805337814	0.1821814557051778	-4977.176920907628
48000	-21589.891060711536	-22628.73151245059	-1038.840451739056	0.1821814557051778	-4972.118233695689
49000	-21679.983973868384	-22716.985909262115	-1037.0019353937314	0.1821814557051778	-4986.692975417999
50000	-21657.482206060893	-22697.398435598003	-1039.9162295371107	0.1821814557051778	-4985.507864746269
51000	-21825.988634502806	-22864.954554048643	-1038.965919545838	0.09921256574801246	-3204.3782519618203
52000	-22009.2771146755	-23046.589625441557	-1037.3125107660574	0.09921256574801246	-3220.909363572026
53000	-22040.00658029099	-23078.96067296021	-1038.954092669222	0.09921256574801246	-3225.5996946029686
54000	-22199.374220610833	-23238.916777573857	-1039.5425569630227	0.09921256574801246	-3241.999431390108
55000	-22083.574543395316	-23112.36269486709	-1028.7881514717744	0.09921256574801246	-3219.7562428095166
56000	-22086.785214451324	-23122.44693548687	-1035.6617210355453	0.09921256574801246	-3226.9483512865268
57000	-22211.362451563524	-23239.965855114962	-1028.6034035514388	0.09921256574801246	-3232.2496611301203
58000	-22232.103016456946	-23257.01539148943	-1024.9123750324818	0.09921256574801246	-3230.6163572693026
59000	-22230.566955885788	-23257.43693755824	-1026.8699816724509	0.09921256574801246	-3232.421567398863
60000	-22186.79752501356	-23213.95746969461	-1027.159944681052	0.09921256574801246	-3228.3690528692996
61000	-22811.99248835356	-23838.39741507457	-1026.4049267210116	0.04715560318259695	-2102.1181923061945
62000	-22660.735480415147	-23688.727729950024	-1027.992249534875	0.04715560318259695	-2096.5728996751272
63000	-22922.401426514018	-23945.134849434602	-1022.7334229205838	0.04715560318259695	-2103.653088581473
64000	-23138.707671664655	-24171.738527928945	-1033.0308562642876	0.04715560318259695	-2124.150573387418
65000	-23051.56423489763	-24077.12826199186	-1025.5640270942313	0.04715560318259695	-2112.5744428932076
66000	-22894.781380725908	-23919.985468837454	-1025.2040881115458	0.04715560318259695	-2104.8213138533656
67000	-23216.014383400427	-24235.58015097022	-1019.565767569795	0.04715560318259695	-2114.3309293148886
68000	-23149.10460444258	-24166.179724000485	-1017.0751195579085	0.04715560318259695	-2108.6851103174304
69000	-23049.01834559681	-24068.437462520524	-1019.4191169237129	0.04715560318259695	-2106.309479777073
70000	-22989.86856330516	-24022.989292565075	-1033.1207292599124	0.04715560318259695	-2117.221848451191
71000	-24985.091816203392	-25990.49166742846	-1005.3998512250673	0.018074689652218572	-1456.9976317351297
72000	-25126.123180719303	-26138.88307566813	-1012.7598949488266	0.018074689652218572	-1466.906773603743
73000	-24595.97861522734	-25594.60278856277	-998.6241733354287	0.018074689652218572	-1443.1888534982677
74000	-25382.81307104711	-26391.069565502883	-1008.2564944557735	0.018074689652218572	-1467.0429632152268
75000	-25595.558106731725	-26608.505171208344	-1012.9470644766199	0.018074689652218572	-1475.5788337311228
76000	-24786.907564288667	-25800.16447584695	-1013.2569115582822	0.018074689652218572	-1461.2725732210288
77000	-25347.38958150718	-26356.180970040015	-1008.7913885328343	0.018074689652218572	-1466.937588712455
78000	-25815.28267008551	-26837.925020166505	-1022.6423500809952	0.018074689652218572	-1489.2455726270873
79000	-25623.073019732055	-26636.286346618057	-1013.213326886003	0.018074689652218572	-1476.3424196537949
80000	-25275.074264881663	-26300.339265740324	-1025.2650008586613	0.018074689652218572	-1482.1041241331739
81000	-32949.87416239578	-34007.64778841428	-1057.7736260184959	0.004678428381140585	-1211.9272524548592
82000	-35602.48695321068	-36668.33019345352	-1065.843240242834	0.004678428381140585	-1232.4069256439222
83000	-32455.298017259796	-33519.21941621225	-1063.9213989524524	0.004678428381140585	-1215.7611863147763
84000	-31713.978820859666	-32771.96093835315	-1057.9821174934832	0.004678428381140585	-1206.3536960878846
85000	-33385.572506618366	-34457.21498486439	-1071.642478246023	0.004678428381140585	-1227.8344881816133
86000	-34576.75111189304	-35651.73640439167	-1074.9852924986271	0.004678428381140585	-1236.7501462281418
87000	-33752.422645583305	-34803.76051707262	-1051.3378714893126	0.004678428381140585	-1209.2461635266618
88000	-31211.337076175372	-32274.21537399394	-1062.8782978185673	0.004678428381140585	-1208.8983030090913
89000	-31239.683532998984	-32287.551260863675	-1047.867727864691	0.004678428381140585	-1194.0203499233237
90000	-31554.964530105164	-32600.349816624133	-1045.3852865189701	0.004678428381140585	-1193.0129281424986
91000	-77172.93723195945	-78339.55310183164	-1166.6158698721815	4.6415888336127784E-4	-1202.4363742434778
92000	-76448.47612224278	-77597.80842017775	-1149.3322979349762	4.6415888336127784E-4	-1184.8165372465478
93000	-83352.07997380063	-84525.79322977658	-1173.713255975954	4.6415888336127784E-4	-1212.4018643424333
94000	-86749.9070808727	-87914.57588487602	-1164.6688040033246	4.6415888336127784E-4	-1204.934544005677
95000	-85504.33204957275	-86681.94937646996	-1177.617326897199	4.6415888336127784E-4	-1217.3049221838808
96000	-84711.52037979547	-85874.06444852162	-1162.5440687261423	4.6415888336127784E-4	-1201.8636734334643
97000	-84554.64269653978	-85717.66953189249	-1163.02683535271	4.6415888336127784E-4	-1202.2736238897476
98000	-81787.64398249192	-82954.7115898641	-1167.0676073721881	4.6415888336127784E-4	-1205.0300688758514
99000	-84755.92866822997	-85920.32720981295	-1164.3985415829761	4.6415888336127784E-4	-1203.73875879187
100000	-97782.46317498565	-98960.16588839683	-1177.7027134111784	4.6415888336127784E-4	-1223.089312330795
101000	-264943.37906981696	-266191.45714994526	-1248.0780801283045	0.0	-1248.0780801283045
102000	-285806.0139880695	-287056.9920361473	-1250.9780480778109	0.0	-1250.9780480778109
103000	-243816.1674420833	-245075.73254531738	-1259.565103234097	0.0	-1259.565103234097
104000	-229858.67876346043	-231109.43292616014	-1250.7541626997088	0.0	-1250.7541626997088
105000	-221546.99085626221	-222775.89435525797	-1228.903498995752	0.0	-1228.903498995752
106000	-223976.42555191286	-225227.1755765838	-1250.7500246709292	0.0	-1250.7500246709292
107000	-230530.19882517774	-231783.9796774196	-1253.780852241859	0.0	-1253.780852241859
108000	-2.772296341840859E7	-2.7724204505348355E7	-1241.0869397642416	0.0	-1241.0869397642416
109000	-313280.7813869196	-314584.3887746087	-1303.6073876890994	0.0	-1303.6073876890994
110000	-454997.5669263253	-456251.1234875715	-1253.5565612461555	0.0	-1253.5565612461555
